number,value,datetime_start,datetime_complete,duration,params_decision_threshold,params_dense_neurons,params_dropout,params_learning_rate,params_num_layers,state
0,0.9407797382333845,2025-07-11 04:03:09.471590,2025-07-11 04:04:15.149712,0 days 00:01:05.678122,0.9,122,0.30000000000000004,0.002724417122557763,2,COMPLETE
1,0.9311565318947392,2025-07-11 04:04:15.257664,2025-07-11 04:05:19.104325,0 days 00:01:03.846661,0.9,448,0.2,0.0021720816421248275,4,COMPLETE
2,0.941986351777517,2025-07-11 04:05:19.175984,2025-07-11 04:06:36.458840,0 days 00:01:17.282856,0.9,721,0.5,0.0004527742117211625,2,COMPLETE
3,0.9330899323301907,2025-07-11 04:06:36.730987,2025-07-11 04:07:32.769007,0 days 00:00:56.038020,0.6,371,0.1,0.006013604305027715,2,COMPLETE
4,0.9538969283999764,2025-07-11 04:07:32.926602,2025-07-11 04:08:27.539469,0 days 00:00:54.612867,0.7,473,0.4,0.0004156126252307835,1,COMPLETE
5,0.048388324849383935,2025-07-11 04:08:28.175672,2025-07-11 04:08:34.015245,0 days 00:00:05.839573,0.7,119,0.1,0.0005490229930054204,3,PRUNED
6,0.9293910983978162,2025-07-11 04:08:34.088140,2025-07-11 04:09:18.157929,0 days 00:00:44.069789,0.6,417,0.4,0.004113072551352965,3,COMPLETE
7,0.045605335370964895,2025-07-11 04:09:18.235414,2025-07-11 04:09:28.519068,0 days 00:00:10.283654,0.5,883,0.4,0.00011409667111734082,4,PRUNED
8,0.06311943852051627,2025-07-11 04:09:28.844537,2025-07-11 04:09:34.739951,0 days 00:00:05.895414,0.6,78,0.2,0.0005034315145761729,1,PRUNED
9,0.9514708065977404,2025-07-11 04:09:34.816205,2025-07-11 04:10:20.270695,0 days 00:00:45.454490,0.9,90,0.4,0.0005676716900087969,1,COMPLETE
10,0.9480805369961789,2025-07-11 04:10:20.344511,2025-07-11 04:11:16.985664,0 days 00:00:56.641153,0.8,209,0.5,0.00011632030106646794,1,COMPLETE
11,0.957827444130608,2025-07-11 04:11:17.421762,2025-07-11 04:12:04.938236,0 days 00:00:47.516474,0.8,221,0.4,0.0011824949774300736,1,COMPLETE
12,0.9532959405344968,2025-07-11 04:12:05.206845,2025-07-11 04:12:57.461278,0 days 00:00:52.254433,0.7,229,0.30000000000000004,0.0012606842875994865,1,COMPLETE
13,0.9518110491815477,2025-07-11 04:12:57.950767,2025-07-11 04:13:56.147202,0 days 00:00:58.196435,0.8,288,0.4,0.001158471207071425,1,COMPLETE
14,0.036052916785195066,2025-07-11 04:13:56.299548,2025-07-11 04:14:03.884708,0 days 00:00:07.585160,0.8,579,0.5,0.00022631279340327672,2,PRUNED
15,0.9378731948807972,2025-07-11 04:14:03.956360,2025-07-11 04:14:52.105317,0 days 00:00:48.148957,0.7,164,0.30000000000000004,0.009813009759062987,1,COMPLETE
16,0.029839838541192876,2025-07-11 04:14:52.595155,2025-07-11 04:14:59.008345,0 days 00:00:06.413190,0.8,294,0.4,0.00026056242825863937,3,PRUNED
17,0.9532004150572705,2025-07-11 04:14:59.080731,2025-07-11 04:16:11.701769,0 days 00:01:12.621038,0.7,557,0.2,0.001717878147056715,2,COMPLETE
18,0.9568371249322487,2025-07-11 04:16:11.774827,2025-07-11 04:17:30.206719,0 days 00:01:18.431892,0.5,1016,0.5,0.0008706808834374418,1,COMPLETE
19,0.9494056023669865,2025-07-11 04:17:30.283117,2025-07-11 04:18:55.741417,0 days 00:01:25.458300,0.5,1010,0.5,0.0008383881753262296,2,COMPLETE
20,0.9467325975032146,2025-07-11 04:18:55.817056,2025-07-11 04:19:56.916523,0 days 00:01:01.099467,0.6,170,0.5,0.0008840877182808782,1,COMPLETE
21,0.0784011595644678,2025-07-11 04:19:56.987513,2025-07-11 04:20:07.657252,0 days 00:00:10.669739,0.5,702,0.4,0.00025120664445555616,1,PRUNED
22,0.9421134835727487,2025-07-11 04:20:07.729633,2025-07-11 04:21:10.488453,0 days 00:01:02.758820,0.8,328,0.4,0.001534466603292935,1,COMPLETE
23,0.9412053948695309,2025-07-11 04:21:11.726419,2025-07-11 04:22:31.745933,0 days 00:01:20.019514,0.7,509,0.5,0.00034842210439152904,1,COMPLETE
24,0.9116345015474652,2025-07-11 04:22:31.830931,2025-07-11 04:24:00.528234,0 days 00:01:28.697303,0.5,722,0.30000000000000004,0.003100542739230885,2,COMPLETE
25,0.9369445564646238,2025-07-11 04:24:00.901763,2025-07-11 04:25:20.243431,0 days 00:01:19.341668,0.6,187,0.4,0.0008066313964823451,1,COMPLETE
26,0.04731625789440841,2025-07-11 04:25:21.044346,2025-07-11 04:25:31.231285,0 days 00:00:10.186939,0.8,253,0.5,0.0001912383281916653,2,PRUNED
27,0.9436022962939834,2025-07-11 04:25:31.301699,2025-07-11 04:27:29.649293,0 days 00:01:58.347594,0.7,1021,0.4,0.00035076038807642525,1,COMPLETE
28,0.042139959239648306,2025-07-11 04:27:29.725708,2025-07-11 04:27:39.034775,0 days 00:00:09.309067,0.8,125,0.5,0.0006869080434822771,3,PRUNED
29,0.9523196959991583,2025-07-11 04:27:39.106414,2025-07-11 04:29:07.722701,0 days 00:01:28.616287,0.9,138,0.30000000000000004,0.0021726219012944414,2,COMPLETE
30,0.9227664394871298,2025-07-11 04:29:08.491397,2025-07-11 04:30:52.327042,0 days 00:01:43.835645,0.6,832,0.30000000000000004,0.0010456979121679297,1,COMPLETE
31,0.9546630908646601,2025-07-11 04:30:52.763445,2025-07-11 04:32:11.606152,0 days 00:01:18.842707,0.7,218,0.30000000000000004,0.0013975763556186888,1,COMPLETE
32,0.9389544079735014,2025-07-11 04:32:11.746396,2025-07-11 04:33:28.736253,0 days 00:01:16.989857,0.7,350,0.2,0.0015825787180163214,1,COMPLETE
33,0.8886954623612924,2025-07-11 04:33:28.808689,2025-07-11 04:35:00.923206,0 days 00:01:32.114517,0.7,427,0.30000000000000004,0.0024269727173578835,1,COMPLETE
34,0.9227598339485918,2025-07-11 04:35:01.252678,2025-07-11 04:36:11.141022,0 days 00:01:09.888344,0.6,247,0.2,0.0032352725479819168,4,COMPLETE
35,0.030748275764494792,2025-07-11 04:36:11.866162,2025-07-11 04:36:20.977387,0 days 00:00:09.111225,0.9,208,0.4,0.00040067050760654447,2,PRUNED
36,0.955255435681606,2025-07-11 04:36:21.049059,2025-07-11 04:37:52.223620,0 days 00:01:31.174561,0.8,141,0.5,0.000699428735015895,1,COMPLETE
37,0.9458120997097629,2025-07-11 04:37:52.638034,2025-07-11 04:39:21.979664,0 days 00:01:29.341630,0.9,100,0.5,0.0006572528464496145,1,COMPLETE
38,0.08151927756262012,2025-07-11 04:39:22.734527,2025-07-11 04:39:34.635691,0 days 00:00:11.901164,0.8,146,0.1,0.001411872513616022,2,PRUNED
39,0.9382814843696368,2025-07-11 04:39:34.712436,2025-07-11 04:40:51.297452,0 days 00:01:16.585016,0.8,110,0.5,0.0019051908007844973,1,COMPLETE
40,0.04397436838644353,2025-07-11 04:40:51.452834,2025-07-11 04:41:00.163029,0 days 00:00:08.710195,0.9,74,0.5,0.004968572055223652,3,PRUNED
41,0.08323918609860925,2025-07-11 04:41:00.235619,2025-07-11 04:41:09.996116,0 days 00:00:09.760497,0.7,288,0.4,0.0006437950629626827,1,PRUNED
42,0.9364388703164914,2025-07-11 04:41:10.068372,2025-07-11 04:42:23.448606,0 days 00:01:13.380234,0.8,192,0.4,0.0004410269467457468,1,COMPLETE
43,0.9464344518128538,2025-07-11 04:42:23.532998,2025-07-11 04:43:50.801020,0 days 00:01:27.268022,0.7,161,0.5,0.0009560591424602964,1,COMPLETE
44,0.9490075222352641,2025-07-11 04:43:50.888389,2025-07-11 04:45:18.535799,0 days 00:01:27.647410,0.6,368,0.4,0.0011404349992101888,1,COMPLETE
45,0.9529135094604679,2025-07-11 04:45:18.816723,2025-07-11 04:46:36.316843,0 days 00:01:17.500120,0.5,234,0.30000000000000004,0.0005000885859014497,1,COMPLETE
46,0.9538423160155165,2025-07-11 04:46:36.387867,2025-07-11 04:48:13.812939,0 days 00:01:37.425072,0.8,488,0.5,0.0007080120565347977,1,COMPLETE
47,0.944554475077806,2025-07-11 04:48:14.230164,2025-07-11 04:49:13.658597,0 days 00:00:59.428433,0.7,91,0.30000000000000004,0.0013030329611174647,1,COMPLETE
48,0.9543950074151987,2025-07-11 04:49:14.919495,2025-07-11 04:50:42.564219,0 days 00:01:27.644724,0.8,668,0.1,0.0005665763555169427,2,COMPLETE
49,0.036101628766118665,2025-07-11 04:50:42.639520,2025-07-11 04:50:48.353317,0 days 00:00:05.713797,0.8,65,0.1,0.0010407395655212654,2,PRUNED
